<?xml version="1.0" encoding="UTF-8"?>
<testng-results ignored="0" total="2" passed="2" failed="0" skipped="0">
  <reporter-output>
  </reporter-output>
  <suite started-at="2021-09-11T22:26:34 IST" name="Default suite" finished-at="2021-09-11T22:27:04 IST" duration-ms="29660">
    <groups>
    </groups>
    <test started-at="2021-09-11T22:26:34 IST" name="Default test" finished-at="2021-09-11T22:27:04 IST" duration-ms="29660">
      <class name="learntestng.DataproviderDemo">
        <test-method is-config="true" signature="beforeTest()[pri:0, instance:learntestng.DataproviderDemo@22e357dc]" started-at="2021-09-11T22:26:34 IST" name="beforeTest" finished-at="2021-09-11T22:26:37 IST" duration-ms="2803" status="PASS">
          <reporter-output>
          </reporter-output>
        </test-method> <!-- beforeTest -->
        <test-method signature="f(java.lang.String,java.lang.String)[pri:0, instance:learntestng.DataproviderDemo@22e357dc]" started-at="2021-09-11T22:26:37 IST" name="f" data-provider="dp" finished-at="2021-09-11T22:27:01 IST" duration-ms="24088" status="PASS">
          <params>
            <param index="0">
              <value>
                <![CDATA[rekhabr1@gmail.com]]>
              </value>
            </param>
            <param index="1">
              <value>
                <![CDATA[rekhab]]>
              </value>
            </param>
          </params>
          <reporter-output>
          </reporter-output>
        </test-method> <!-- f -->
        <test-method signature="f(java.lang.String,java.lang.String)[pri:0, instance:learntestng.DataproviderDemo@22e357dc]" started-at="2021-09-11T22:27:01 IST" name="f" data-provider="dp" finished-at="2021-09-11T22:27:04 IST" duration-ms="2551" status="PASS">
          <params>
            <param index="0">
              <value>
                <![CDATA[shailjam@gmail.com]]>
              </value>
            </param>
            <param index="1">
              <value>
                <![CDATA[shailjam@123]]>
              </value>
            </param>
          </params>
          <reporter-output>
          </reporter-output>
        </test-method> <!-- f -->
        <test-method is-config="true" signature="afterTest()[pri:0, instance:learntestng.DataproviderDemo@22e357dc]" started-at="2021-09-11T22:27:04 IST" name="afterTest" finished-at="2021-09-11T22:27:04 IST" duration-ms="138" status="PASS">
          <reporter-output>
          </reporter-output>
        </test-method> <!-- afterTest -->
      </class> <!-- learntestng.DataproviderDemo -->
    </test> <!-- Default test -->
  </suite> <!-- Default suite -->
</testng-results>
