<?xml version="1.0" encoding="UTF-8"?>
<testng-results ignored="0" total="2" passed="2" failed="0" skipped="0">
  <reporter-output>
  </reporter-output>
  <suite started-at="2021-09-06T13:38:19 IST" name="Default suite" finished-at="2021-09-06T13:38:30 IST" duration-ms="10737">
    <groups>
    </groups>
    <test started-at="2021-09-06T13:38:19 IST" name="Default test" finished-at="2021-09-06T13:38:30 IST" duration-ms="10737">
      <class name="demowebshoptests.AssertDemo">
        <test-method is-config="true" signature="setbrowser()[pri:0, instance:demowebshoptests.AssertDemo@e7edb54]" started-at="2021-09-06T13:38:19 IST" name="setbrowser" finished-at="2021-09-06T13:38:26 IST" duration-ms="6783" status="PASS">
          <reporter-output>
          </reporter-output>
        </test-method> <!-- setbrowser -->
        <test-method signature="checkurl()[pri:0, instance:demowebshoptests.AssertDemo@e7edb54]" started-at="2021-09-06T13:38:26 IST" name="checkurl" finished-at="2021-09-06T13:38:26 IST" duration-ms="17" status="PASS">
          <reporter-output>
          </reporter-output>
        </test-method> <!-- checkurl -->
        <test-method is-config="true" signature="closebrowser()[pri:0, instance:demowebshoptests.AssertDemo@e7edb54]" started-at="2021-09-06T13:38:26 IST" name="closebrowser" finished-at="2021-09-06T13:38:26 IST" duration-ms="198" status="PASS">
          <reporter-output>
          </reporter-output>
        </test-method> <!-- closebrowser -->
        <test-method is-config="true" signature="setbrowser()[pri:0, instance:demowebshoptests.AssertDemo@e7edb54]" started-at="2021-09-06T13:38:26 IST" name="setbrowser" finished-at="2021-09-06T13:38:29 IST" duration-ms="3380" status="PASS">
          <reporter-output>
          </reporter-output>
        </test-method> <!-- setbrowser -->
        <test-method signature="checklogo()[pri:1, instance:demowebshoptests.AssertDemo@e7edb54]" started-at="2021-09-06T13:38:29 IST" name="checklogo" finished-at="2021-09-06T13:38:30 IST" duration-ms="75" status="PASS">
          <reporter-output>
          </reporter-output>
        </test-method> <!-- checklogo -->
        <test-method is-config="true" signature="closebrowser()[pri:0, instance:demowebshoptests.AssertDemo@e7edb54]" started-at="2021-09-06T13:38:30 IST" name="closebrowser" finished-at="2021-09-06T13:38:30 IST" duration-ms="238" status="PASS">
          <reporter-output>
          </reporter-output>
        </test-method> <!-- closebrowser -->
      </class> <!-- demowebshoptests.AssertDemo -->
    </test> <!-- Default test -->
  </suite> <!-- Default suite -->
</testng-results>
